#
# There is insufficient memory for the Java Runtime Environment to continue.
# Native memory allocation (malloc) failed to allocate 66060288 bytes for committing reserved memory.
# Possible reasons:
#   The system is out of physical RAM or swap space
#   In 32 bit mode, the process size limit was hit
# Possible solutions:
#   Reduce memory load on the system
#   Increase physical memory or swap space
#   Check if swap backing store is full
#   Use 64 bit Java on a 64 bit OS
#   Decrease Java heap size (-Xmx/-Xms)
#   Decrease number of Java threads
#   Decrease Java thread stack sizes (-Xss)
#   Set larger code cache with -XX:ReservedCodeCacheSize=
# This output file may be truncated or incomplete.
#
#  Out of Memory Error (os_linux.cpp:2827), pid=9630, tid=139801926637312
#
# JRE version: OpenJDK Runtime Environment (7.0_95) (build 1.7.0_95-b00)
# Java VM: OpenJDK 64-Bit Server VM (24.95-b01 mixed mode linux-amd64 compressed oops)
# Derivative: IcedTea 2.6.4
# Distribution: Ubuntu 14.04 LTS, package 7u95-2.6.4-0ubuntu0.14.04.2
# Failed to write core dump. Core dumps have been disabled. To enable core dumping, try "ulimit -c unlimited" before starting Java again
#

---------------  T H R E A D  ---------------

Current thread (0x00007f2630076000):  VMThread [stack: 0x00007f262c1d1000,0x00007f262c2d2000] [id=9639]

Stack: [0x00007f262c1d1000,0x00007f262c2d2000],  sp=0x00007f262c2d0490,  free space=1021k
Native frames: (J=compiled Java code, j=interpreted, Vv=VM code, C=native code)
V  [libjvm.so+0x953e15]
V  [libjvm.so+0x48fd94]
V  [libjvm.so+0x7cf87b]
V  [libjvm.so+0x7ca33f]
V  [libjvm.so+0x83dacb]
V  [libjvm.so+0x82d86b]
V  [libjvm.so+0x82da2b]
V  [libjvm.so+0x82e958]
V  [libjvm.so+0x8355b4]
V  [libjvm.so+0x83bc0d]
V  [libjvm.so+0x7f2083]
V  [libjvm.so+0x955814]
V  [libjvm.so+0x959917]
V  [libjvm.so+0x9583d8]
V  [libjvm.so+0x958839]
V  [libjvm.so+0x958c82]
V  [libjvm.so+0x7cc742]

VM_Operation (0x00007f26384a8d40): ParallelGCFailedAllocation, mode: safepoint, requested by thread 0x00007f263000a800


---------------  P R O C E S S  ---------------

Java Threads: ( => current thread )
  0x00007f26300b1800 JavaThread "Service Thread" daemon [_thread_blocked, id=9645, stack(0x00007f2624ea8000,0x00007f2624fa9000)]
  0x00007f26300af000 JavaThread "C2 CompilerThread1" daemon [_thread_blocked, id=9644, stack(0x00007f2624fa9000,0x00007f26250aa000)]
  0x00007f26300ac000 JavaThread "C2 CompilerThread0" daemon [_thread_blocked, id=9643, stack(0x00007f26250aa000,0x00007f26251ab000)]
  0x00007f26300aa000 JavaThread "Signal Dispatcher" daemon [_thread_blocked, id=9642, stack(0x00007f26251ab000,0x00007f26252ac000)]
  0x00007f263007c800 JavaThread "Finalizer" daemon [_thread_blocked, id=9641, stack(0x00007f26259cf000,0x00007f2625ad0000)]
  0x00007f263007a800 JavaThread "Reference Handler" daemon [_thread_blocked, id=9640, stack(0x00007f262c0d0000,0x00007f262c1d1000)]
  0x00007f263000a800 JavaThread "main" [_thread_blocked, id=9633, stack(0x00007f26383aa000,0x00007f26384ab000)]

Other Threads:
=>0x00007f2630076000 VMThread [stack: 0x00007f262c1d1000,0x00007f262c2d2000] [id=9639]
  0x00007f26300bc000 WatcherThread [stack: 0x00007f2624da7000,0x00007f2624ea8000] [id=9646]

VM state:at safepoint (normal execution)

VM Mutex/Monitor currently owned by a thread:  ([mutex/lock_event])
[0x00007f2630006430] ExpandHeap_lock - owner thread: 0x00007f2630076000
[0x00007f2630006ab0] Threads_lock - owner thread: 0x00007f2630076000
[0x00007f2630006fb0] Heap_lock - owner thread: 0x00007f263000a800

Heap
 PSYoungGen      total 220672K, used 0K [0x00000000eaa80000, 0x0000000100000000, 0x0000000100000000)
  eden space 124416K, 0% used [0x00000000eaa80000,0x00000000eaa80000,0x00000000f2400000)
  from space 96256K, 0% used [0x00000000fa200000,0x00000000fa200000,0x0000000100000000)
  to   space 112640K, 0% used [0x00000000f2400000,0x00000000f2400000,0x00000000f9200000)
 ParOldGen       total 221696K, used 156620K [0x00000000c0000000, 0x00000000cd880000, 0x00000000eaa80000)
  object space 221696K, 70% used [0x00000000c0000000,0x00000000c98f3268,0x00000000cd880000)
 PSPermGen       total 21504K, used 6002K [0x00000000b5a00000, 0x00000000b6f00000, 0x00000000c0000000)
  object space 21504K, 27% used [0x00000000b5a00000,0x00000000b5fdc808,0x00000000b6f00000)

Card table byte_map: [0x00007f2634d90000,0x00007f2634fe4000] byte_map_base: 0x00007f26347e3000

Polling page: 0x00007f26384cc000

Code Cache  [0x00007f262d000000, 0x00007f262d320000, 0x00007f2630000000)
 total_blobs=1041 nmethods=813 adapters=181 free_code_cache=46119Kb largest_free_block=47061504

Compilation events (10 events):
Event: 22.320 Thread 0x00007f26300af000  861             com.android.dx.rop.code.Rops::opXor (21 bytes)
Event: 22.323 Thread 0x00007f26300af000 nmethod 861 0x00007f262d251990 code [0x00007f262d251b00, 0x00007f262d251ce8]
Event: 23.356 Thread 0x00007f26300af000  862             com.android.dx.cf.code.ConcreteMethod::getLocalVariables (5 bytes)
Event: 23.356 Thread 0x00007f26300af000 nmethod 862 0x00007f262d0a6d90 code [0x00007f262d0a6ec0, 0x00007f262d0a6f18]
Event: 23.362 Thread 0x00007f26300ac000  863             com.android.dx.cf.code.Ropper::access$100 (5 bytes)
Event: 23.363 Thread 0x00007f26300ac000 nmethod 863 0x00007f262d1fb290 code [0x00007f262d1fb3c0, 0x00007f262d1fb418]
Event: 23.370 Thread 0x00007f26300ac000  864             com.android.dx.rop.cst.CstNat::<init> (43 bytes)
Event: 23.371 Thread 0x00007f26300ac000 nmethod 864 0x00007f262d2d3fd0 code [0x00007f262d2d4120, 0x00007f262d2d41d8]
Event: 23.398 Thread 0x00007f26300ac000  865   !         com.android.dx.cf.direct.MemberListParser::parse (641 bytes)
Event: 23.428 Thread 0x00007f26300af000  866   !         com.android.dx.cf.code.BytecodeArray::parseInstruction (2764 bytes)

GC Heap History (10 events):
Event: 20.402 GC heap after
Heap after GC invocations=17 (full 3):
 PSYoungGen      total 236032K, used 52019K [0x00000000eaa80000, 0x00000000fe380000, 0x0000000100000000)
  eden space 173056K, 0% used [0x00000000eaa80000,0x00000000eaa80000,0x00000000f5380000)
  from space 62976K, 82% used [0x00000000f9780000,0x00000000fca4cd78,0x00000000fd500000)
  to   space 69632K, 0% used [0x00000000f5380000,0x00000000f5380000,0x00000000f9780000)
 ParOldGen       total 221696K, used 127198K [0x00000000c0000000, 0x00000000cd880000, 0x00000000eaa80000)
  object space 221696K, 57% used [0x00000000c0000000,0x00000000c7c37a98,0x00000000cd880000)
 PSPermGen       total 21504K, used 5997K [0x00000000b5a00000, 0x00000000b6f00000, 0x00000000c0000000)
  object space 21504K, 27% used [0x00000000b5a00000,0x00000000b5fdb598,0x00000000b6f00000)
}
Event: 20.974 GC heap before
{Heap before GC invocations=18 (full 3):
 PSYoungGen      total 236032K, used 225075K [0x00000000eaa80000, 0x00000000fe380000, 0x0000000100000000)
  eden space 173056K, 100% used [0x00000000eaa80000,0x00000000f5380000,0x00000000f5380000)
  from space 62976K, 82% used [0x00000000f9780000,0x00000000fca4cd78,0x00000000fd500000)
  to   space 69632K, 0% used [0x00000000f5380000,0x00000000f5380000,0x00000000f9780000)
 ParOldGen       total 221696K, used 127198K [0x00000000c0000000, 0x00000000cd880000, 0x00000000eaa80000)
  object space 221696K, 57% used [0x00000000c0000000,0x00000000c7c37a98,0x00000000cd880000)
 PSPermGen       total 21504K, used 5997K [0x00000000b5a00000, 0x00000000b6f00000, 0x00000000c0000000)
  object space 21504K, 27% used [0x00000000b5a00000,0x00000000b5fdb650,0x00000000b6f00000)
Event: 21.041 GC heap after
Heap after GC invocations=18 (full 3):
 PSYoungGen      total 242688K, used 69606K [0x00000000eaa80000, 0x0000000100000000, 0x0000000100000000)
  eden space 173056K, 0% used [0x00000000eaa80000,0x00000000eaa80000,0x00000000f5380000)
  from space 69632K, 99% used [0x00000000f5380000,0x00000000f9779b70,0x00000000f9780000)
  to   space 83456K, 0% used [0x00000000fae80000,0x00000000fae80000,0x0000000100000000)
 ParOldGen       total 221696K, used 133581K [0x00000000c0000000, 0x00000000cd880000, 0x00000000eaa80000)
  object space 221696K, 60% used [0x00000000c0000000,0x00000000c8273560,0x00000000cd880000)
 PSPermGen       total 21504K, used 5997K [0x00000000b5a00000, 0x00000000b6f00000, 0x00000000c0000000)
  object space 21504K, 27% used [0x00000000b5a00000,0x00000000b5fdb650,0x00000000b6f00000)
}
Event: 21.755 GC heap before
{Heap before GC invocations=19 (full 3):
 PSYoungGen      total 242688K, used 242662K [0x00000000eaa80000, 0x0000000100000000, 0x0000000100000000)
  eden space 173056K, 100% used [0x00000000eaa80000,0x00000000f5380000,0x00000000f5380000)
  from space 69632K, 99% used [0x00000000f5380000,0x00000000f9779b70,0x00000000f9780000)
  to   space 83456K, 0% used [0x00000000fae80000,0x00000000fae80000,0x0000000100000000)
 ParOldGen       total 221696K, used 133581K [0x00000000c0000000, 0x00000000cd880000, 0x00000000eaa80000)
  object space 221696K, 60% used [0x00000000c0000000,0x00000000c8273560,0x00000000cd880000)
 PSPermGen       total 21504K, used 5997K [0x00000000b5a00000, 0x00000000b6f00000, 0x00000000c0000000)
  object space 21504K, 27% used [0x00000000b5a00000,0x00000000b5fdb6f8,0x00000000b6f00000)
Event: 21.894 GC heap after
Heap after GC invocations=19 (full 3):
 PSYoungGen      total 240640K, used 79934K [0x00000000eaa80000, 0x0000000100000000, 0x0000000100000000)
  eden space 157184K, 0% used [0x00000000eaa80000,0x00000000eaa80000,0x00000000f4400000)
  from space 83456K, 95% used [0x00000000fae80000,0x00000000ffc8f818,0x0000000100000000)
  to   space 96256K, 0% used [0x00000000f4400000,0x00000000f4400000,0x00000000fa200000)
 ParOldGen       total 221696K, used 159985K [0x00000000c0000000, 0x00000000cd880000, 0x00000000eaa80000)
  object space 221696K, 72% used [0x00000000c0000000,0x00000000c9c3c6b0,0x00000000cd880000)
 PSPermGen       total 21504K, used 5997K [0x00000000b5a00000, 0x00000000b6f00000, 0x00000000c0000000)
  object space 21504K, 27% used [0x00000000b5a00000,0x00000000b5fdb6f8,0x00000000b6f00000)
}
Event: 22.560 GC heap before
{Heap before GC invocations=20 (full 3):
 PSYoungGen      total 240640K, used 237118K [0x00000000eaa80000, 0x0000000100000000, 0x0000000100000000)
  eden space 157184K, 100% used [0x00000000eaa80000,0x00000000f4400000,0x00000000f4400000)
  from space 83456K, 95% used [0x00000000fae80000,0x00000000ffc8f818,0x0000000100000000)
  to   space 96256K, 0% used [0x00000000f4400000,0x00000000f4400000,0x00000000fa200000)
 ParOldGen       total 221696K, used 159985K [0x00000000c0000000, 0x00000000cd880000, 0x00000000eaa80000)
  object space 221696K, 72% used [0x00000000c0000000,0x00000000c9c3c6b0,0x00000000cd880000)
 PSPermGen       total 21504K, used 5998K [0x00000000b5a00000, 0x00000000b6f00000, 0x00000000c0000000)
  object space 21504K, 27% used [0x00000000b5a00000,0x00000000b5fdb858,0x00000000b6f00000)
Event: 22.665 GC heap after
Heap after GC invocations=20 (full 3):
 PSYoungGen      total 253440K, used 96249K [0x00000000eaa80000, 0x0000000100000000, 0x0000000100000000)
  eden space 157184K, 0% used [0x00000000eaa80000,0x00000000eaa80000,0x00000000f4400000)
  from space 96256K, 99% used [0x00000000f4400000,0x00000000fa1fe490,0x00000000fa200000)
  to   space 96256K, 0% used [0x00000000fa200000,0x00000000fa200000,0x0000000100000000)
 ParOldGen       total 221696K, used 164235K [0x00000000c0000000, 0x00000000cd880000, 0x00000000eaa80000)
  object space 221696K, 74% used [0x00000000c0000000,0x00000000ca062d58,0x00000000cd880000)
 PSPermGen       total 21504K, used 5998K [0x00000000b5a00000, 0x00000000b6f00000, 0x00000000c0000000)
  object space 21504K, 27% used [0x00000000b5a00000,0x00000000b5fdb858,0x00000000b6f00000)
}
Event: 23.456 GC heap before
{Heap before GC invocations=21 (full 3):
 PSYoungGen      total 253440K, used 253433K [0x00000000eaa80000, 0x0000000100000000, 0x0000000100000000)
  eden space 157184K, 100% used [0x00000000eaa80000,0x00000000f4400000,0x00000000f4400000)
  from space 96256K, 99% used [0x00000000f4400000,0x00000000fa1fe490,0x00000000fa200000)
  to   space 96256K, 0% used [0x00000000fa200000,0x00000000fa200000,0x0000000100000000)
 ParOldGen       total 221696K, used 164235K [0x00000000c0000000, 0x00000000cd880000, 0x00000000eaa80000)
  object space 221696K, 74% used [0x00000000c0000000,0x00000000ca062d58,0x00000000cd880000)
 PSPermGen       total 21504K, used 6002K [0x00000000b5a00000, 0x00000000b6f00000, 0x00000000c0000000)
  object space 21504K, 27% used [0x00000000b5a00000,0x00000000b5fdc808,0x00000000b6f00000)
Event: 24.185 GC heap after
Heap after GC invocations=21 (full 3):
 PSYoungGen      total 220672K, used 56584K [0x00000000eaa80000, 0x0000000100000000, 0x0000000100000000)
  eden space 124416K, 0% used [0x00000000eaa80000,0x00000000eaa80000,0x00000000f2400000)
  from space 96256K, 58% used [0x00000000fa200000,0x00000000fd9422e8,0x0000000100000000)
  to   space 112640K, 0% used [0x00000000f2400000,0x00000000f2400000,0x00000000f9200000)
 ParOldGen       total 221696K, used 218777K [0x00000000c0000000, 0x00000000cd880000, 0x00000000eaa80000)
  object space 221696K, 98% used [0x00000000c0000000,0x00000000cd5a65b0,0x00000000cd880000)
 PSPermGen       total 21504K, used 6002K [0x00000000b5a00000, 0x00000000b6f00000, 0x00000000c0000000)
  object space 21504K, 27% used [0x00000000b5a00000,0x00000000b5fdc808,0x00000000b6f00000)
}
Event: 24.199 GC heap before
{Heap before GC invocations=22 (full 4):
 PSYoungGen      total 220672K, used 56584K [0x00000000eaa80000, 0x0000000100000000, 0x0000000100000000)
  eden space 124416K, 0% used [0x00000000eaa80000,0x00000000eaa80000,0x00000000f2400000)
  from space 96256K, 58% used [0x00000000fa200000,0x00000000fd9422e8,0x0000000100000000)
  to   space 112640K, 0% used [0x00000000f2400000,0x00000000f2400000,0x00000000f9200000)
 ParOldGen       total 221696K, used 218777K [0x00000000c0000000, 0x00000000cd880000, 0x00000000eaa80000)
  object space 221696K, 98% used [0x00000000c0000000,0x00000000cd5a65b0,0x00000000cd880000)
 PSPermGen       total 21504K, used 6002K [0x00000000b5a00000, 0x00000000b6f00000, 0x00000000c0000000)
  object space 21504K, 27% used [0x00000000b5a00000,0x00000000b5fdc808,0x00000000b6f00000)

Deoptimization events (10 events):
Event: 16.855 Thread 0x00007f263000a800 Uncommon trap: reason=class_check action=maybe_recompile pc=0x00007f262d26ddb0 method=com.android.dx.ssa.SsaConverter.placePhiFunctions(Lcom/android/dx/ssa/SsaMethod;Lcom/android/dx/ssa/LocalVariableInfo;I)V @ 257
Event: 16.929 Thread 0x00007f263000a800 Uncommon trap: reason=predicate action=maybe_recompile pc=0x00007f262d0eabdc method=com.android.dx.ssa.back.InterferenceGraph.<init>(I)V @ 23
Event: 17.081 Thread 0x00007f263000a800 Uncommon trap: reason=class_check action=maybe_recompile pc=0x00007f262d1c1064 method=com.android.dx.ssa.back.InterferenceGraph.mergeInterferenceSet(ILcom/android/dx/util/IntSet;)V @ 20
Event: 17.625 Thread 0x00007f263000a800 Uncommon trap: reason=class_check action=maybe_recompile pc=0x00007f262d26ddb0 method=com.android.dx.ssa.SsaConverter.placePhiFunctions(Lcom/android/dx/ssa/SsaMethod;Lcom/android/dx/ssa/LocalVariableInfo;I)V @ 257
Event: 19.181 Thread 0x00007f263000a800 Uncommon trap: reason=class_check action=maybe_recompile pc=0x00007f262d26ddb0 method=com.android.dx.ssa.SsaConverter.placePhiFunctions(Lcom/android/dx/ssa/SsaMethod;Lcom/android/dx/ssa/LocalVariableInfo;I)V @ 257
Event: 20.109 Thread 0x00007f263000a800 Uncommon trap: reason=unstable_if action=reinterpret pc=0x00007f262d17af8c method=com.android.dx.ssa.SCCP.simulateMath(Lcom/android/dx/ssa/SsaInsn;I)Lcom/android/dx/rop/cst/Constant; @ 101
Event: 23.346 Thread 0x00007f263000a800 Uncommon trap: reason=class_check action=maybe_recompile pc=0x00007f262d1a8aec method=com.android.dx.cf.code.RopperMachine.run(Lcom/android/dx/cf/code/Frame;II)V @ 1024
Event: 23.350 Thread 0x00007f263000a800 Uncommon trap: reason=bimorphic action=maybe_recompile pc=0x00007f262d30e840 method=com.android.dx.cf.code.BytecodeArray.parseInstruction(ILcom/android/dx/cf/code/BytecodeArray$Visitor;)I @ 907
Event: 23.350 Thread 0x00007f263000a800 Uncommon trap: reason=bimorphic action=maybe_recompile pc=0x00007f262d30e840 method=com.android.dx.cf.code.BytecodeArray.parseInstruction(ILcom/android/dx/cf/code/BytecodeArray$Visitor;)I @ 907
Event: 23.396 Thread 0x00007f263000a800 Uncommon trap: reason=unstable_if action=reinterpret pc=0x00007f262d0b09dc method=com.android.dx.dex.file.ValueEncoder.addContents(Lcom/android/dx/dex/file/DexFile;Lcom/android/dx/rop/cst/Constant;)V @ 4

Internal exceptions (10 events):
Event: 7.961 Thread 0x00007f263000a800 Threw 0x00000000ebec6950 at /build/openjdk-7-HVzwJZ/openjdk-7-7u95-2.6.4/build/openjdk/hotspot/src/share/vm/prims/jvm.cpp:1322
Event: 7.962 Thread 0x00007f263000a800 Threw 0x00000000ebed11c0 at /build/openjdk-7-HVzwJZ/openjdk-7-7u95-2.6.4/build/openjdk/hotspot/src/share/vm/prims/jvm.cpp:1322
Event: 7.963 Thread 0x00007f263000a800 Threw 0x00000000ebed3ce8 at /build/openjdk-7-HVzwJZ/openjdk-7-7u95-2.6.4/build/openjdk/hotspot/src/share/vm/prims/jvm.cpp:1322
Event: 9.068 Thread 0x00007f263000a800 Implicit null exception at 0x00007f262d0be067 to 0x00007f262d0be74d
Event: 9.982 Thread 0x00007f263000a800 Implicit null exception at 0x00007f262d0b00d3 to 0x00007f262d0b14ed
Event: 10.348 Thread 0x00007f263000a800 Implicit null exception at 0x00007f262d1787e4 to 0x00007f262d179365
Event: 13.068 Thread 0x00007f263000a800 Threw 0x00000000f1417ab8 at /build/openjdk-7-HVzwJZ/openjdk-7-7u95-2.6.4/build/openjdk/hotspot/src/share/vm/prims/jvm.cpp:1322
Event: 15.547 Thread 0x00007f263000a800 Threw 0x00000000ef97cad0 at /build/openjdk-7-HVzwJZ/openjdk-7-7u95-2.6.4/build/openjdk/hotspot/src/share/vm/prims/jvm.cpp:1322
Event: 15.561 Thread 0x00007f263000a800 Threw 0x00000000efa5c470 at /build/openjdk-7-HVzwJZ/openjdk-7-7u95-2.6.4/build/openjdk/hotspot/src/share/vm/prims/jvm.cpp:1322
Event: 23.394 Thread 0x00007f263000a800 Threw 0x00000000f40e77f8 at /build/openjdk-7-HVzwJZ/openjdk-7-7u95-2.6.4/build/openjdk/hotspot/src/share/vm/prims/jvm.cpp:1322

Events (10 events):
Event: 23.350 Thread 0x00007f263000a800 DEOPT UNPACKING pc=0x00007f262d039445 sp=0x00007f26384a8d58 mode 2
Event: 23.350 Thread 0x00007f263000a800 Uncommon trap: trap_request=0xffffffc6 fr.pc=0x00007f262d30e840
Event: 23.350 Thread 0x00007f263000a800 DEOPT PACKING pc=0x00007f262d30e840 sp=0x00007f26384a8da0
Event: 23.350 Thread 0x00007f263000a800 DEOPT UNPACKING pc=0x00007f262d039445 sp=0x00007f26384a8d58 mode 2
Event: 23.393 loading class 0x00007f2630116e50
Event: 23.394 loading class 0x00007f2630116e50 done
Event: 23.396 Thread 0x00007f263000a800 Uncommon trap: trap_request=0xffffff75 fr.pc=0x00007f262d0b09dc
Event: 23.396 Thread 0x00007f263000a800 DEOPT PACKING pc=0x00007f262d0b09dc sp=0x00007f26384a8f30
Event: 23.396 Thread 0x00007f263000a800 DEOPT UNPACKING pc=0x00007f262d039445 sp=0x00007f26384a8f00 mode 2
Event: 23.456 Executing VM operation: ParallelGCFailedAllocation


Dynamic libraries:
00400000-00401000 r-xp 00000000 08:01 5508137                            /usr/lib/jvm/java-7-openjdk-amd64/jre/bin/java
00600000-00601000 r--p 00000000 08:01 5508137                            /usr/lib/jvm/java-7-openjdk-amd64/jre/bin/java
00601000-00602000 rw-p 00001000 08:01 5508137                            /usr/lib/jvm/java-7-openjdk-amd64/jre/bin/java
01301000-01322000 rw-p 00000000 00:00 0                                  [heap]
b5a00000-b6f00000 rw-p 00000000 00:00 0 
b6f00000-c0000000 rw-p 00000000 00:00 0 
c0000000-cd880000 rw-p 00000000 00:00 0 
d1780000-eaa80000 rw-p 00000000 00:00 0 
eaa80000-100000000 rw-p 00000000 00:00 0 
7f25f0000000-7f25f0021000 rw-p 00000000 00:00 0 
7f25f0021000-7f25f4000000 ---p 00000000 00:00 0 
7f25f8000000-7f25f90e1000 rw-p 00000000 00:00 0 
7f25f90e1000-7f25fc000000 ---p 00000000 00:00 0 
7f25fc000000-7f25fc021000 rw-p 00000000 00:00 0 
7f25fc021000-7f2600000000 ---p 00000000 00:00 0 
7f2600000000-7f2600021000 rw-p 00000000 00:00 0 
7f2600021000-7f2604000000 ---p 00000000 00:00 0 
7f2604000000-7f26055f6000 rw-p 00000000 00:00 0 
7f26055f6000-7f2608000000 ---p 00000000 00:00 0 
7f2608000000-7f2608021000 rw-p 00000000 00:00 0 
7f2608021000-7f260c000000 ---p 00000000 00:00 0 
7f260f578000-7f260f5b5000 r-xp 00000000 08:01 786637                     /lib/x86_64-linux-gnu/libpcre.so.3.13.1
7f260f5b5000-7f260f7b4000 ---p 0003d000 08:01 786637                     /lib/x86_64-linux-gnu/libpcre.so.3.13.1
7f260f7b4000-7f260f7b5000 r--p 0003c000 08:01 786637                     /lib/x86_64-linux-gnu/libpcre.so.3.13.1
7f260f7b5000-7f260f7b6000 rw-p 0003d000 08:01 786637                     /lib/x86_64-linux-gnu/libpcre.so.3.13.1
7f260f7b6000-7f260f7bd000 r-xp 00000000 08:01 4720099                    /usr/lib/x86_64-linux-gnu/libffi.so.6.0.1
7f260f7bd000-7f260f9bc000 ---p 00007000 08:01 4720099                    /usr/lib/x86_64-linux-gnu/libffi.so.6.0.1
7f260f9bc000-7f260f9bd000 r--p 00006000 08:01 4720099                    /usr/lib/x86_64-linux-gnu/libffi.so.6.0.1
7f260f9bd000-7f260f9be000 rw-p 00007000 08:01 4720099                    /usr/lib/x86_64-linux-gnu/libffi.so.6.0.1
7f260f9be000-7f260f9d5000 r-xp 00000000 08:01 786650                     /lib/x86_64-linux-gnu/libresolv-2.19.so
7f260f9d5000-7f260fbd5000 ---p 00017000 08:01 786650                     /lib/x86_64-linux-gnu/libresolv-2.19.so
7f260fbd5000-7f260fbd6000 r--p 00017000 08:01 786650                     /lib/x86_64-linux-gnu/libresolv-2.19.so
7f260fbd6000-7f260fbd7000 rw-p 00018000 08:01 786650                     /lib/x86_64-linux-gnu/libresolv-2.19.so
7f260fbd7000-7f260fbd9000 rw-p 00000000 00:00 0 
7f260fbd9000-7f260fbf9000 r-xp 00000000 08:01 786641                     /lib/x86_64-linux-gnu/libselinux.so.1
7f260fbf9000-7f260fdf8000 ---p 00020000 08:01 786641                     /lib/x86_64-linux-gnu/libselinux.so.1
7f260fdf8000-7f260fdf9000 r--p 0001f000 08:01 786641                     /lib/x86_64-linux-gnu/libselinux.so.1
7f260fdf9000-7f260fdfa000 rw-p 00020000 08:01 786641                     /lib/x86_64-linux-gnu/libselinux.so.1
7f260fdfa000-7f260fdfc000 rw-p 00000000 00:00 0 
7f260fdfc000-7f260fdff000 r-xp 00000000 08:01 4718956                    /usr/lib/x86_64-linux-gnu/libgmodule-2.0.so.0.4002.0
7f260fdff000-7f260fffe000 ---p 00003000 08:01 4718956                    /usr/lib/x86_64-linux-gnu/libgmodule-2.0.so.0.4002.0
7f260fffe000-7f260ffff000 r--p 00002000 08:01 4718956                    /usr/lib/x86_64-linux-gnu/libgmodule-2.0.so.0.4002.0
7f260ffff000-7f2610000000 rw-p 00003000 08:01 4718956                    /usr/lib/x86_64-linux-gnu/libgmodule-2.0.so.0.4002.0
7f2610000000-7f2610021000 rw-p 00000000 00:00 0 
7f2610021000-7f2614000000 ---p 00000000 00:00 0 
7f2614000000-7f2614021000 rw-p 00000000 00:00 0 
7f2614021000-7f2618000000 ---p 00000000 00:00 0 
7f2618000000-7f2618021000 rw-p 00000000 00:00 0 
7f2618021000-7f261c000000 ---p 00000000 00:00 0 
7f261c000000-7f261c021000 rw-p 00000000 00:00 0 
7f261c021000-7f2620000000 ---p 00000000 00:00 0 
7f2620000000-7f2620021000 rw-p 00000000 00:00 0 
7f2620021000-7f2624000000 ---p 00000000 00:00 0 
7f26240b1000-7f26241b7000 r-xp 00000000 08:01 786702                     /lib/x86_64-linux-gnu/libglib-2.0.so.0.4002.0
7f26241b7000-7f26243b6000 ---p 00106000 08:01 786702                     /lib/x86_64-linux-gnu/libglib-2.0.so.0.4002.0
7f26243b6000-7f26243b7000 r--p 00105000 08:01 786702                     /lib/x86_64-linux-gnu/libglib-2.0.so.0.4002.0
7f26243b7000-7f26243b8000 rw-p 00106000 08:01 786702                     /lib/x86_64-linux-gnu/libglib-2.0.so.0.4002.0
7f26243b8000-7f26243b9000 rw-p 00000000 00:00 0 
7f26243b9000-7f2624408000 r-xp 00000000 08:01 4718974                    /usr/lib/x86_64-linux-gnu/libgobject-2.0.so.0.4002.0
7f2624408000-7f2624608000 ---p 0004f000 08:01 4718974                    /usr/lib/x86_64-linux-gnu/libgobject-2.0.so.0.4002.0
7f2624608000-7f2624609000 r--p 0004f000 08:01 4718974                    /usr/lib/x86_64-linux-gnu/libgobject-2.0.so.0.4002.0
7f2624609000-7f262460a000 rw-p 00050000 08:01 4718974                    /usr/lib/x86_64-linux-gnu/libgobject-2.0.so.0.4002.0
7f262460a000-7f2624776000 r-xp 00000000 08:01 4718978                    /usr/lib/x86_64-linux-gnu/libgio-2.0.so.0.4002.0
7f2624776000-7f2624975000 ---p 0016c000 08:01 4718978                    /usr/lib/x86_64-linux-gnu/libgio-2.0.so.0.4002.0
7f2624975000-7f2624979000 r--p 0016b000 08:01 4718978                    /usr/lib/x86_64-linux-gnu/libgio-2.0.so.0.4002.0
7f2624979000-7f262497b000 rw-p 0016f000 08:01 4718978                    /usr/lib/x86_64-linux-gnu/libgio-2.0.so.0.4002.0
7f262497b000-7f262497d000 rw-p 00000000 00:00 0 
7f262497d000-7f2624994000 r-xp 00000000 08:01 5917886                    /usr/lib/jvm/java-7-openjdk-amd64/jre/lib/amd64/libnet.so
7f2624994000-7f2624b93000 ---p 00017000 08:01 5917886                    /usr/lib/jvm/java-7-openjdk-amd64/jre/lib/amd64/libnet.so
7f2624b93000-7f2624b94000 r--p 00016000 08:01 5917886                    /usr/lib/jvm/java-7-openjdk-amd64/jre/lib/amd64/libnet.so
7f2624b94000-7f2624b95000 rw-p 00017000 08:01 5917886                    /usr/lib/jvm/java-7-openjdk-amd64/jre/lib/amd64/libnet.so
7f2624b95000-7f2624ba5000 r-xp 00000000 08:01 5917910                    /usr/lib/jvm/java-7-openjdk-amd64/jre/lib/amd64/libnio.so
7f2624ba5000-7f2624da5000 ---p 00010000 08:01 5917910                    /usr/lib/jvm/java-7-openjdk-amd64/jre/lib/amd64/libnio.so
7f2624da5000-7f2624da6000 r--p 00010000 08:01 5917910                    /usr/lib/jvm/java-7-openjdk-amd64/jre/lib/amd64/libnio.so
7f2624da6000-7f2624da7000 rw-p 00011000 08:01 5917910                    /usr/lib/jvm/java-7-openjdk-amd64/jre/lib/amd64/libnio.so
7f2624da7000-7f2624da8000 ---p 00000000 00:00 0 
7f2624da8000-7f2624ea8000 rw-p 00000000 00:00 0                          [stack:9646]
7f2624ea8000-7f2624eab000 ---p 00000000 00:00 0 
7f2624eab000-7f2624fa9000 rw-p 00000000 00:00 0                          [stack:9645]
7f2624fa9000-7f2624fac000 ---p 00000000 00:00 0 
7f2624fac000-7f26250aa000 rw-p 00000000 00:00 0                          [stack:9644]
7f26250aa000-7f26250ad000 ---p 00000000 00:00 0 
7f26250ad000-7f26251ab000 rw-p 00000000 00:00 0                          [stack:9643]
7f26251ab000-7f26251ae000 ---p 00000000 00:00 0 
7f26251ae000-7f26252ac000 rw-p 00000000 00:00 0                          [stack:9642]
7f26252ac000-7f26259cf000 r--p 00000000 08:01 4725570                    /usr/lib/locale/locale-archive
7f26259cf000-7f26259d2000 ---p 00000000 00:00 0 
7f26259d2000-7f2628000000 rw-p 00000000 00:00 0                          [stack:9641]
7f2628000000-7f2628021000 rw-p 00000000 00:00 0 
7f2628021000-7f262c000000 ---p 00000000 00:00 0 
7f262c06c000-7f262c09d000 rw-p 00000000 00:00 0 
7f262c0ba000-7f262c0d0000 r--s 000d5000 08:01 7310                       /home/raihan/back up of previous laptop/xubuntu backup/home/raihan/OpenSrpWorkspace/crgs/mSurveyandroid/build/intermediates/exploded-aar/crgs/mPowerClientCollection/unspecified/jars/libs/google-play-services.jar
7f262c0d0000-7f262c0d3000 ---p 00000000 00:00 0 
7f262c0d3000-7f262c1d1000 rw-p 00000000 00:00 0                          [stack:9640]
7f262c1d1000-7f262c1d2000 ---p 00000000 00:00 0 
7f262c1d2000-7f262d000000 rw-p 00000000 00:00 0                          [stack:9639]
7f262d000000-7f262d320000 rwxp 00000000 00:00 0 
7f262d320000-7f2630219000 rw-p 00000000 00:00 0 
7f2630219000-7f2634000000 ---p 00000000 00:00 0 
7f2634005000-7f2634014000 r--s 000dd000 08:01 6301485                    /home/raihan/android-sdk-linux/build-tools/22.0.1/lib/dx.jar
7f2634014000-7f2634017000 r--s 0000f000 08:01 5917931                    /usr/lib/jvm/java-7-openjdk-amd64/jre/lib/ext/icedtea-sound.jar
7f2634017000-7f26342e6000 rw-p 00000000 00:00 0 
7f26342e6000-7f2634497000 r--s 01d30000 08:01 5508152                    /usr/lib/jvm/java-7-openjdk-amd64/jre/lib/rt.jar
7f2634497000-7f26347e3000 rw-p 00000000 00:00 0 
7f26347e3000-7f26347e4000 ---p 00000000 00:00 0 
7f26347e4000-7f26348e4000 rw-p 00000000 00:00 0                          [stack:9638]
7f26348e4000-7f26348e5000 ---p 00000000 00:00 0 
7f26348e5000-7f26349e5000 rw-p 00000000 00:00 0                          [stack:9637]
7f26349e5000-7f26349e6000 ---p 00000000 00:00 0 
7f26349e6000-7f2634ae6000 rw-p 00000000 00:00 0                          [stack:9636]
7f2634ae6000-7f2634ae7000 ---p 00000000 00:00 0 
7f2634ae7000-7f2634bf2000 rw-p 00000000 00:00 0                          [stack:9634]
7f2634bf2000-7f2634c3a000 rw-p 00000000 00:00 0 
7f2634c3a000-7f2634ca7000 rw-p 00000000 00:00 0 
7f2634ca7000-7f2634d90000 rw-p 00000000 00:00 0 
7f2634d90000-7f2634d9b000 rw-p 00000000 00:00 0 
7f2634d9b000-7f2634de3000 rw-p 00000000 00:00 0 
7f2634de3000-7f2634e50000 rw-p 00000000 00:00 0 
7f2634e50000-7f2634f38000 rw-p 00000000 00:00 0 
7f2634f38000-7f2634fe3000 rw-p 00000000 00:00 0 
7f2634fe3000-7f2634fe4000 rw-p 00000000 00:00 0 
7f2634fe4000-7f2634fec000 r-xp 00000000 08:01 5917892                    /usr/lib/jvm/java-7-openjdk-amd64/jre/lib/amd64/libzip.so
7f2634fec000-7f26351eb000 ---p 00008000 08:01 5917892                    /usr/lib/jvm/java-7-openjdk-amd64/jre/lib/amd64/libzip.so
7f26351eb000-7f26351ec000 r--p 00007000 08:01 5917892                    /usr/lib/jvm/java-7-openjdk-amd64/jre/lib/amd64/libzip.so
7f26351ec000-7f26351ed000 rw-p 00008000 08:01 5917892                    /usr/lib/jvm/java-7-openjdk-amd64/jre/lib/amd64/libzip.so
7f26351ed000-7f26351f7000 r-xp 00000000 08:01 786692                     /lib/x86_64-linux-gnu/libnss_files-2.19.so
7f26351f7000-7f26353f6000 ---p 0000a000 08:01 786692                     /lib/x86_64-linux-gnu/libnss_files-2.19.so
7f26353f6000-7f26353f7000 r--p 00009000 08:01 786692                     /lib/x86_64-linux-gnu/libnss_files-2.19.so
7f26353f7000-7f26353f8000 rw-p 0000a000 08:01 786692                     /lib/x86_64-linux-gnu/libnss_files-2.19.so
7f26353f8000-7f2635403000 r-xp 00000000 08:01 786680                     /lib/x86_64-linux-gnu/libnss_nis-2.19.so
7f2635403000-7f2635602000 ---p 0000b000 08:01 786680                     /lib/x86_64-linux-gnu/libnss_nis-2.19.so
7f2635602000-7f2635603000 r--p 0000a000 08:01 786680                     /lib/x86_64-linux-gnu/libnss_nis-2.19.so
7f2635603000-7f2635604000 rw-p 0000b000 08:01 786680                     /lib/x86_64-linux-gnu/libnss_nis-2.19.so
7f2635604000-7f263561b000 r-xp 00000000 08:01 786672                     /lib/x86_64-linux-gnu/libnsl-2.19.so
7f263561b000-7f263581a000 ---p 00017000 08:01 786672                     /lib/x86_64-linux-gnu/libnsl-2.19.so
7f263581a000-7f263581b000 r--p 00016000 08:01 786672                     /lib/x86_64-linux-gnu/libnsl-2.19.so
7f263581b000-7f263581c000 rw-p 00017000 08:01 786672                     /lib/x86_64-linux-gnu/libnsl-2.19.so
7f263581c000-7f263581e000 rw-p 00000000 00:00 0 
7f263581e000-7f2635827000 r-xp 00000000 08:01 786670                     /lib/x86_64-linux-gnu/libnss_compat-2.19.so
7f2635827000-7f2635a26000 ---p 00009000 08:01 786670                     /lib/x86_64-linux-gnu/libnss_compat-2.19.so
7f2635a26000-7f2635a27000 r--p 00008000 08:01 786670                     /lib/x86_64-linux-gnu/libnss_compat-2.19.so
7f2635a27000-7f2635a28000 rw-p 00009000 08:01 786670                     /lib/x86_64-linux-gnu/libnss_compat-2.19.so
7f2635a28000-7f2635a53000 r-xp 00000000 08:01 5917877                    /usr/lib/jvm/java-7-openjdk-amd64/jre/lib/amd64/libjava.so
7f2635a53000-7f2635c53000 ---p 0002b000 08:01 5917877                    /usr/lib/jvm/java-7-openjdk-amd64/jre/lib/amd64/libjava.so
7f2635c53000-7f2635c54000 r--p 0002b000 08:01 5917877                    /usr/lib/jvm/java-7-openjdk-amd64/jre/lib/amd64/libjava.so
7f2635c54000-7f2635c56000 rw-p 0002c000 08:01 5917877                    /usr/lib/jvm/java-7-openjdk-amd64/jre/lib/amd64/libjava.so
7f2635c56000-7f2635c66000 r-xp 00000000 08:01 5917878                    /usr/lib/jvm/java-7-openjdk-amd64/jre/lib/amd64/libverify.so
7f2635c66000-7f2635e65000 ---p 00010000 08:01 5917878                    /usr/lib/jvm/java-7-openjdk-amd64/jre/lib/amd64/libverify.so
7f2635e65000-7f2635e67000 r--p 0000f000 08:01 5917878                    /usr/lib/jvm/java-7-openjdk-amd64/jre/lib/amd64/libverify.so
7f2635e67000-7f2635e68000 rw-p 00011000 08:01 5917878                    /usr/lib/jvm/java-7-openjdk-amd64/jre/lib/amd64/libverify.so
7f2635e68000-7f2635e6f000 r-xp 00000000 08:01 786688                     /lib/x86_64-linux-gnu/librt-2.19.so
7f2635e6f000-7f263606e000 ---p 00007000 08:01 786688                     /lib/x86_64-linux-gnu/librt-2.19.so
7f263606e000-7f263606f000 r--p 00006000 08:01 786688                     /lib/x86_64-linux-gnu/librt-2.19.so
7f263606f000-7f2636070000 rw-p 00007000 08:01 786688                     /lib/x86_64-linux-gnu/librt-2.19.so
7f2636070000-7f2636086000 r-xp 00000000 08:01 786612                     /lib/x86_64-linux-gnu/libgcc_s.so.1
7f2636086000-7f2636285000 ---p 00016000 08:01 786612                     /lib/x86_64-linux-gnu/libgcc_s.so.1
7f2636285000-7f2636286000 rw-p 00015000 08:01 786612                     /lib/x86_64-linux-gnu/libgcc_s.so.1
7f2636286000-7f263638b000 r-xp 00000000 08:01 786660                     /lib/x86_64-linux-gnu/libm-2.19.so
7f263638b000-7f263658a000 ---p 00105000 08:01 786660                     /lib/x86_64-linux-gnu/libm-2.19.so
7f263658a000-7f263658b000 r--p 00104000 08:01 786660                     /lib/x86_64-linux-gnu/libm-2.19.so
7f263658b000-7f263658c000 rw-p 00105000 08:01 786660                     /lib/x86_64-linux-gnu/libm-2.19.so
7f263658c000-7f2636672000 r-xp 00000000 08:01 4719935                    /usr/lib/x86_64-linux-gnu/libstdc++.so.6.0.19
7f2636672000-7f2636871000 ---p 000e6000 08:01 4719935                    /usr/lib/x86_64-linux-gnu/libstdc++.so.6.0.19
7f2636871000-7f2636879000 r--p 000e5000 08:01 4719935                    /usr/lib/x86_64-linux-gnu/libstdc++.so.6.0.19
7f2636879000-7f263687b000 rw-p 000ed000 08:01 4719935                    /usr/lib/x86_64-linux-gnu/libstdc++.so.6.0.19
7f263687b000-7f2636890000 rw-p 00000000 00:00 0 
7f2636890000-7f26373b4000 r-xp 00000000 08:01 5917890                    /usr/lib/jvm/java-7-openjdk-amd64/jre/lib/amd64/server/libjvm.so
7f26373b4000-7f26375b4000 ---p 00b24000 08:01 5917890                    /usr/lib/jvm/java-7-openjdk-amd64/jre/lib/amd64/server/libjvm.so
7f26375b4000-7f263764e000 r--p 00b24000 08:01 5917890                    /usr/lib/jvm/java-7-openjdk-amd64/jre/lib/amd64/server/libjvm.so
7f263764e000-7f2637671000 rw-p 00bbe000 08:01 5917890                    /usr/lib/jvm/java-7-openjdk-amd64/jre/lib/amd64/server/libjvm.so
7f2637671000-7f263769f000 rw-p 00000000 00:00 0 
7f263769f000-7f26376b7000 r-xp 00000000 08:01 790555                     /lib/x86_64-linux-gnu/libz.so.1.2.8
7f26376b7000-7f26378b6000 ---p 00018000 08:01 790555                     /lib/x86_64-linux-gnu/libz.so.1.2.8
7f26378b6000-7f26378b7000 r--p 00017000 08:01 790555                     /lib/x86_64-linux-gnu/libz.so.1.2.8
7f26378b7000-7f26378b8000 rw-p 00018000 08:01 790555                     /lib/x86_64-linux-gnu/libz.so.1.2.8
7f26378b8000-7f26378d1000 r-xp 00000000 08:01 786674                     /lib/x86_64-linux-gnu/libpthread-2.19.so
7f26378d1000-7f2637ad0000 ---p 00019000 08:01 786674                     /lib/x86_64-linux-gnu/libpthread-2.19.so
7f2637ad0000-7f2637ad1000 r--p 00018000 08:01 786674                     /lib/x86_64-linux-gnu/libpthread-2.19.so
7f2637ad1000-7f2637ad2000 rw-p 00019000 08:01 786674                     /lib/x86_64-linux-gnu/libpthread-2.19.so
7f2637ad2000-7f2637ad6000 rw-p 00000000 00:00 0 
7f2637ad6000-7f2637ad9000 r-xp 00000000 08:01 786664                     /lib/x86_64-linux-gnu/libdl-2.19.so
7f2637ad9000-7f2637cd8000 ---p 00003000 08:01 786664                     /lib/x86_64-linux-gnu/libdl-2.19.so
7f2637cd8000-7f2637cd9000 r--p 00002000 08:01 786664                     /lib/x86_64-linux-gnu/libdl-2.19.so
7f2637cd9000-7f2637cda000 rw-p 00003000 08:01 786664                     /lib/x86_64-linux-gnu/libdl-2.19.so
7f2637cda000-7f2637e94000 r-xp 00000000 08:01 786689                     /lib/x86_64-linux-gnu/libc-2.19.so
7f2637e94000-7f2638094000 ---p 001ba000 08:01 786689                     /lib/x86_64-linux-gnu/libc-2.19.so
7f2638094000-7f2638098000 r--p 001ba000 08:01 786689                     /lib/x86_64-linux-gnu/libc-2.19.so
7f2638098000-7f263809a000 rw-p 001be000 08:01 786689                     /lib/x86_64-linux-gnu/libc-2.19.so
7f263809a000-7f263809f000 rw-p 00000000 00:00 0 
7f263809f000-7f26380ac000 r-xp 00000000 08:01 5917907                    /usr/lib/jvm/java-7-openjdk-amd64/jre/lib/amd64/jli/libjli.so
7f26380ac000-7f26382ab000 ---p 0000d000 08:01 5917907                    /usr/lib/jvm/java-7-openjdk-amd64/jre/lib/amd64/jli/libjli.so
7f26382ab000-7f26382ac000 r--p 0000c000 08:01 5917907                    /usr/lib/jvm/java-7-openjdk-amd64/jre/lib/amd64/jli/libjli.so
7f26382ac000-7f26382ad000 rw-p 0000d000 08:01 5917907                    /usr/lib/jvm/java-7-openjdk-amd64/jre/lib/amd64/jli/libjli.so
7f26382ad000-7f26382d0000 r-xp 00000000 08:01 786676                     /lib/x86_64-linux-gnu/ld-2.19.so
7f26382d2000-7f26382f7000 rw-p 00000000 00:00 0 
7f26382f7000-7f26383aa000 rw-p 00000000 00:00 0 
7f26383aa000-7f26383ad000 ---p 00000000 00:00 0 
7f26383ad000-7f26384b0000 rw-p 00000000 00:00 0                          [stack:9633]
7f26384b1000-7f26384b2000 rw-p 00000000 00:00 0 
7f26384b2000-7f26384b6000 r--s 00034000 08:01 5917930                    /usr/lib/jvm/java-7-openjdk-amd64/jre/lib/ext/sunjce_provider.jar
7f26384b6000-7f26384b8000 r--s 00012000 08:01 5917929                    /usr/lib/jvm/java-7-openjdk-amd64/jre/lib/ext/zipfs.jar
7f26384b8000-7f26384ba000 r--s 00006000 08:01 5118243                    /usr/share/java/java-atk-wrapper.jar
7f26384ba000-7f26384be000 r--s 0003c000 08:01 5917933                    /usr/lib/jvm/java-7-openjdk-amd64/jre/lib/ext/sunpkcs11.jar
7f26384be000-7f26384c2000 r--s 00085000 08:01 5917932                    /usr/lib/jvm/java-7-openjdk-amd64/jre/lib/ext/localedata.jar
7f26384c2000-7f26384c3000 r--s 00002000 08:01 5917928                    /usr/lib/jvm/java-7-openjdk-amd64/jre/lib/ext/dnsns.jar
7f26384c3000-7f26384cb000 rw-s 00000000 08:01 131945                     /tmp/hsperfdata_raihan/9630
7f26384cb000-7f26384cc000 rw-p 00000000 00:00 0 
7f26384cc000-7f26384cd000 ---p 00000000 00:00 0 
7f26384cd000-7f26384cf000 rw-p 00000000 00:00 0 
7f26384cf000-7f26384d0000 r--p 00022000 08:01 786676                     /lib/x86_64-linux-gnu/ld-2.19.so
7f26384d0000-7f26384d1000 rw-p 00023000 08:01 786676                     /lib/x86_64-linux-gnu/ld-2.19.so
7f26384d1000-7f26384d2000 rw-p 00000000 00:00 0 
7fffaa6a3000-7fffaa6c4000 rw-p 00000000 00:00 0                          [stack]
7fffaa7fe000-7fffaa800000 r-xp 00000000 00:00 0                          [vdso]
ffffffffff600000-ffffffffff601000 r-xp 00000000 00:00 0                  [vsyscall]

VM Arguments:
jvm_args: -Djava.awt.headless=true -Xmx1024M -Dfile.encoding=UTF-8 -Duser.country=US -Duser.language=en -Duser.variant 
java_command: com.android.dx.command.Main --dex --force-jumbo --output /home/raihan/back up of previous laptop/xubuntu backup/home/raihan/OpenSrpWorkspace/crgs/mSurveyandroid/build/intermediates/pre-dexed/debug/google-play-services_170f046eced45ca6aaad5ab4b8c2b2ac1894167b.jar /home/raihan/back up of previous laptop/xubuntu backup/home/raihan/OpenSrpWorkspace/crgs/mSurveyandroid/build/intermediates/exploded-aar/crgs/mPowerClientCollection/unspecified/jars/libs/google-play-services.jar
Launcher Type: SUN_STANDARD

Environment Variables:
PATH=/usr/local/sbin:/usr/local/bin:/usr/sbin:/usr/bin:/sbin:/bin:/usr/games:/usr/local/games
SHELL=/bin/bash
DISPLAY=:0

Signal Handlers:
SIGSEGV: [libjvm.so+0x9548f0], sa_mask[0]=0x7ffbfeff, sa_flags=0x10000004
SIGBUS: [libjvm.so+0x9548f0], sa_mask[0]=0x7ffbfeff, sa_flags=0x10000004
SIGFPE: [libjvm.so+0x7cb0b0], sa_mask[0]=0x7ffbfeff, sa_flags=0x10000004
SIGPIPE: [libjvm.so+0x7cb0b0], sa_mask[0]=0x7ffbfeff, sa_flags=0x10000004
SIGXFSZ: [libjvm.so+0x7cb0b0], sa_mask[0]=0x7ffbfeff, sa_flags=0x10000004
SIGILL: [libjvm.so+0x7cb0b0], sa_mask[0]=0x7ffbfeff, sa_flags=0x10000004
SIGUSR1: SIG_DFL, sa_mask[0]=0x00000000, sa_flags=0x00000000
SIGUSR2: [libjvm.so+0x7caf50], sa_mask[0]=0x00000004, sa_flags=0x10000004
SIGHUP: [libjvm.so+0x7cb130], sa_mask[0]=0x7ffbfeff, sa_flags=0x10000004
SIGINT: [libjvm.so+0x7cb130], sa_mask[0]=0x7ffbfeff, sa_flags=0x10000004
SIGTERM: [libjvm.so+0x7cb130], sa_mask[0]=0x7ffbfeff, sa_flags=0x10000004
SIGQUIT: [libjvm.so+0x7cb130], sa_mask[0]=0x7ffbfeff, sa_flags=0x10000004
SIGTRAP: SIG_DFL, sa_mask[0]=0x00000000, sa_flags=0x00000000


---------------  S Y S T E M  ---------------

OS:Ubuntu 14.04 (trusty)
uname:Linux 3.13.0-24-generic #46-Ubuntu SMP Thu Apr 10 19:11:08 UTC 2014 x86_64
libc:glibc 2.19 NPTL 2.19 
rlimit: STACK 8192k, CORE 0k, NPROC 30570, NOFILE 4096, AS infinity
load average:6.66 3.96 1.96

/proc/meminfo:
MemTotal:        3934516 kB
MemFree:           89116 kB
Buffers:             312 kB
Cached:           253728 kB
SwapCached:         3556 kB
Active:          2787948 kB
Inactive:         774160 kB
Active(anon):    2783796 kB
Inactive(anon):   765392 kB
Active(file):       4152 kB
Inactive(file):     8768 kB
Unevictable:          68 kB
Mlocked:              68 kB
SwapTotal:       4080636 kB
SwapFree:              4 kB
Dirty:                52 kB
Writeback:             0 kB
AnonPages:       3305420 kB
Mapped:             6772 kB
Shmem:            241052 kB
Slab:              80944 kB
SReclaimable:      32648 kB
SUnreclaim:        48296 kB
KernelStack:        6928 kB
PageTables:        88592 kB
NFS_Unstable:          0 kB
Bounce:                0 kB
WritebackTmp:          0 kB
CommitLimit:     6047892 kB
Committed_AS:   23507220 kB
VmallocTotal:   34359738367 kB
VmallocUsed:      551396 kB
VmallocChunk:   34359177692 kB
HardwareCorrupted:     0 kB
AnonHugePages:    686080 kB
HugePages_Total:       0
HugePages_Free:        0
HugePages_Rsvd:        0
HugePages_Surp:        0
Hugepagesize:       2048 kB
DirectMap4k:       79360 kB
DirectMap2M:     2955264 kB
DirectMap1G:     1048576 kB


CPU:total 4 (2 cores per cpu, 2 threads per core) family 6 model 61 stepping 4, cmov, cx8, fxsr, mmx, sse, sse2, sse3, ssse3, sse4.1, sse4.2, popcnt, avx, avx2, aes, erms, ht, tsc, tscinvbit

/proc/cpuinfo:
processor	: 0
vendor_id	: GenuineIntel
cpu family	: 6
model		: 61
model name	: Intel(R) Core(TM) i5-5200U CPU @ 2.20GHz
stepping	: 4
microcode	: 0x1f
cpu MHz		: 2201.000
cache size	: 3072 KB
physical id	: 0
siblings	: 4
core id		: 0
cpu cores	: 2
apicid		: 0
initial apicid	: 0
fpu		: yes
fpu_exception	: yes
cpuid level	: 20
wp		: yes
flags		: fpu vme de pse tsc msr pae mce cx8 apic sep mtrr pge mca cmov pat pse36 clflush dts acpi mmx fxsr sse sse2 ss ht tm pbe syscall nx pdpe1gb rdtscp lm constant_tsc arch_perfmon pebs bts rep_good nopl xtopology nonstop_tsc aperfmperf eagerfpu pni pclmulqdq dtes64 monitor ds_cpl vmx est tm2 ssse3 fma cx16 xtpr pdcm pcid sse4_1 sse4_2 x2apic movbe popcnt tsc_deadline_timer aes xsave avx f16c rdrand lahf_lm abm 3dnowprefetch ida arat epb xsaveopt pln pts dtherm tpr_shadow vnmi flexpriority ept vpid fsgsbase tsc_adjust bmi1 avx2 smep bmi2 erms invpcid rdseed adx smap
bogomips	: 4389.64
clflush size	: 64
cache_alignment	: 64
address sizes	: 39 bits physical, 48 bits virtual
power management:

processor	: 1
vendor_id	: GenuineIntel
cpu family	: 6
model		: 61
model name	: Intel(R) Core(TM) i5-5200U CPU @ 2.20GHz
stepping	: 4
microcode	: 0x1f
cpu MHz		: 2201.000
cache size	: 3072 KB
physical id	: 0
siblings	: 4
core id		: 0
cpu cores	: 2
apicid		: 1
initial apicid	: 1
fpu		: yes
fpu_exception	: yes
cpuid level	: 20
wp		: yes
flags		: fpu vme de pse tsc msr pae mce cx8 apic sep mtrr pge mca cmov pat pse36 clflush dts acpi mmx fxsr sse sse2 ss ht tm pbe syscall nx pdpe1gb rdtscp lm constant_tsc arch_perfmon pebs bts rep_good nopl xtopology nonstop_tsc aperfmperf eagerfpu pni pclmulqdq dtes64 monitor ds_cpl vmx est tm2 ssse3 fma cx16 xtpr pdcm pcid sse4_1 sse4_2 x2apic movbe popcnt tsc_deadline_timer aes xsave avx f16c rdrand lahf_lm abm 3dnowprefetch ida arat epb xsaveopt pln pts dtherm tpr_shadow vnmi flexpriority ept vpid fsgsbase tsc_adjust bmi1 avx2 smep bmi2 erms invpcid rdseed adx smap
bogomips	: 4389.64
clflush size	: 64
cache_alignment	: 64
address sizes	: 39 bits physical, 48 bits virtual
power management:

processor	: 2
vendor_id	: GenuineIntel
cpu family	: 6
model		: 61
model name	: Intel(R) Core(TM) i5-5200U CPU @ 2.20GHz
stepping	: 4
microcode	: 0x1f
cpu MHz		: 2201.000
cache size	: 3072 KB
physical id	: 0
siblings	: 4
core id		: 1
cpu cores	: 2
apicid		: 2
initial apicid	: 2
fpu		: yes
fpu_exception	: yes
cpuid level	: 20
wp		: yes
flags		: fpu vme de pse tsc msr pae mce cx8 apic sep mtrr pge mca cmov pat pse36 clflush dts acpi mmx fxsr sse sse2 ss ht tm pbe syscall nx pdpe1gb rdtscp lm constant_tsc arch_perfmon pebs bts rep_good nopl xtopology nonstop_tsc aperfmperf eagerfpu pni pclmulqdq dtes64 monitor ds_cpl vmx est tm2 ssse3 fma cx16 xtpr pdcm pcid sse4_1 sse4_2 x2apic movbe popcnt tsc_deadline_timer aes xsave avx f16c rdrand lahf_lm abm 3dnowprefetch ida arat epb xsaveopt pln pts dtherm tpr_shadow vnmi flexpriority ept vpid fsgsbase tsc_adjust bmi1 avx2 smep bmi2 erms invpcid rdseed adx smap
bogomips	: 4389.64
clflush size	: 64
cache_alignment	: 64
address sizes	: 39 bits physical, 48 bits virtual
power management:

processor	: 3
vendor_id	: GenuineIntel
cpu family	: 6
model		: 61
model name	: Intel(R) Core(TM) i5-5200U CPU @ 2.20GHz
stepping	: 4
microcode	: 0x1f
cpu MHz		: 2201.000
cache size	: 3072 KB
physical id	: 0
siblings	: 4
core id		: 1
cpu cores	: 2
apicid		: 3
initial apicid	: 3
fpu		: yes
fpu_exception	: yes
cpuid level	: 20
wp		: yes
flags		: fpu vme de pse tsc msr pae mce cx8 apic sep mtrr pge mca cmov pat pse36 clflush dts acpi mmx fxsr sse sse2 ss ht tm pbe syscall nx pdpe1gb rdtscp lm constant_tsc arch_perfmon pebs bts rep_good nopl xtopology nonstop_tsc aperfmperf eagerfpu pni pclmulqdq dtes64 monitor ds_cpl vmx est tm2 ssse3 fma cx16 xtpr pdcm pcid sse4_1 sse4_2 x2apic movbe popcnt tsc_deadline_timer aes xsave avx f16c rdrand lahf_lm abm 3dnowprefetch ida arat epb xsaveopt pln pts dtherm tpr_shadow vnmi flexpriority ept vpid fsgsbase tsc_adjust bmi1 avx2 smep bmi2 erms invpcid rdseed adx smap
bogomips	: 4389.64
clflush size	: 64
cache_alignment	: 64
address sizes	: 39 bits physical, 48 bits virtual
power management:



Memory: 4k page, physical 3934516k(89116k free), swap 4080636k(8k free)

vm_info: OpenJDK 64-Bit Server VM (24.95-b01) for linux-amd64 JRE (1.7.0_95-b00), built on Mar 24 2016 06:13:32 by "buildd" with gcc 4.8.2

time: Thu Aug 18 17:36:57 2016
elapsed time: 27 seconds

